<?xml version="1.0" encoding="UTF-8"?>
<!-- Generated by org.testng.reporters.JUnitReportReporter -->
<testsuite hostname="desktop1" failures="0" tests="1" name="TestCases.LogoutTest" time="5.259" errors="0" timestamp="2024-06-07T00:20:10 BDT" skipped="0">
  <testcase classname="TestCases.LogoutTest" name="logoutTest" time="5.259"/>
</testsuite> <!-- TestCases.LogoutTest -->
