<?xml version="1.0" encoding="UTF-8"?>
<!-- Generated by org.testng.reporters.JUnitReportReporter -->
<testsuite hostname="desktop1" failures="0" tests="4" name="demo.OrangeHRM" time="67.874" errors="0" timestamp="2024-06-06T18:29:29 BDT" skipped="0">
  <testcase classname="demo.OrangeHRM" name="loginTestWithInvalidCredentials" time="2.893"/>
  <testcase classname="demo.OrangeHRM" name="loginTestWithValidCredentials" time="6.385"/>
  <testcase classname="demo.OrangeHRM" name="addEmployee" time="7.998"/>
  <testcase classname="demo.OrangeHRM" name="logoutTest" time="50.598"/>
</testsuite> <!-- demo.OrangeHRM -->
