<?xml version="1.0" encoding="UTF-8"?>
<!-- Generated by org.testng.reporters.JUnitReportReporter -->
<testsuite hostname="desktop1" failures="0" tests="2" name="TestCases.LoginTest" time="7.726" errors="0" timestamp="2024-06-06T21:11:42 BDT" skipped="0">
  <testcase classname="TestCases.LoginTest" name="loginTestWithInvalidCredentials" time="5.530"/>
  <testcase classname="TestCases.LoginTest" name="loginTestWithValidCredentials" time="2.196"/>
</testsuite> <!-- TestCases.LoginTest -->
